#
# A fatal error has been detected by the Java Runtime Environment:
#
#  EXCEPTION_ACCESS_VIOLATION (0xc0000005) at pc=0x000000006b0bf2d5, pid=4596, tid=0x0000000000002b80
#
# JRE version: Java(TM) SE Runtime Environment (8.0_181-b13) (build 1.8.0_181-b13)
# Java VM: Java HotSpot(TM) 64-Bit Server VM (25.181-b13 mixed mode windows-amd64 compressed oops)
# Problematic frame:
# V  [jvm.dll+0xff2d5]
#
# Failed to write core dump. Minidumps are not enabled by default on client versions of Windows
#
# If you would like to submit a bug report, please visit:
#   http://bugreport.java.com/bugreport/crash.jsp
#

---------------  T H R E A D  ---------------

Current thread (0x0000000018339800):  VMThread [stack: 0x000000001a040000,0x000000001a140000] [id=11136]

siginfo: ExceptionCode=0xc0000005, reading address 0x0000000000000008

Registers:
RAX=0x0000000000000000, RBX=0x0000000017d5e290, RCX=0x0000000000000000, RDX=0x0000000000000000
RSP=0x000000001a13f220, RBP=0x0000000000000077, RSI=0x000000006b7d2e00, RDI=0x000000001a13f500
R8 =0x0000000000000000, R9 =0x0000000017d5e290, R10=0x000000000000041b, R11=0x0000000017d5e6df
R12=0x0000000000000001, R13=0x0000000000000001, R14=0x00000000000003d8, R15=0x000000001a13f320
RIP=0x000000006b0bf2d5, EFLAGS=0x0000000000010206

Top of Stack: (sp=0x000000001a13f220)
0x000000001a13f220:   000000001a13f500 00000000033b08da
0x000000001a13f230:   0000000000000048 000000006b0c0029
0x000000001a13f240:   0000000000000000 000000006b0be4a2
0x000000001a13f250:   000000004600006f 000000001a13f2c0
0x000000001a13f260:   00007001395eec6c 000000006b0bf8d2
0x000000001a13f270:   000000001a13f330 0000000000000001
0x000000001a13f280:   000000001a13f340 000000001a13f500
0x000000001a13f290:   000000001a13f370 000000006b0c2500
0x000000001a13f2a0:   0000000000000077 0000000000000077
0x000000001a13f2b0:   0000000000000084 000000006b0bf756
0x000000001a13f2c0:   0000000000000077 000000001a13f370
0x000000001a13f2d0:   000000001a13f330 0000000000000084
0x000000001a13f2e0:   0000000017d5e738 000000006b0c305f
0x000000001a13f2f0:   000000001a13f500 000000001a13f370
0x000000001a13f300:   00000000181c5600 0000000017d5e738
0x000000001a13f310:   000000000000000a 0000000000000000 

Instructions: (pc=0x000000006b0bf2d5)
0x000000006b0bf2b5:   8b d2 e8 34 7f ff ff 48 8b cb 8b d0 e8 3a 78 ff
0x000000006b0bf2c5:   ff 48 8d 35 33 3b 71 00 48 63 c8 48 8b 44 cb 50
0x000000006b0bf2d5:   0f b6 48 08 8b 05 05 3b 71 00 80 f9 4c 74 2b 80
0x000000006b0bf2e5:   f9 5b 74 26 80 f9 4a 74 18 80 f9 44 74 13 48 8d 


Register to memory mapping:

RAX=0x0000000000000000 is an unknown value
RBX=0x0000000017d5e290 is pointing into metadata
RCX=0x0000000000000000 is an unknown value
RDX=0x0000000000000000 is an unknown value
RSP=0x000000001a13f220 is an unknown value
RBP=0x0000000000000077 is an unknown value
RSI=0x000000006b7d2e00 is an unknown value
RDI=0x000000001a13f500 is an unknown value
R8 =0x0000000000000000 is an unknown value
R9 =0x0000000017d5e290 is pointing into metadata
R10=0x000000000000041b is an unknown value
R11=0x0000000017d5e6df is pointing into metadata
R12=0x0000000000000001 is an unknown value
R13=0x0000000000000001 is an unknown value
R14=0x00000000000003d8 is an unknown value
R15=0x000000001a13f320 is an unknown value


Stack: [0x000000001a040000,0x000000001a140000],  sp=0x000000001a13f220,  free space=1020k
Native frames: (J=compiled Java code, j=interpreted, Vv=VM code, C=native code)
V  [jvm.dll+0xff2d5]
V  [jvm.dll+0x102500]
V  [jvm.dll+0x10305f]
V  [jvm.dll+0x1038a5]
V  [jvm.dll+0x103af2]
V  [jvm.dll+0xc50be]
V  [jvm.dll+0xc5748]
V  [jvm.dll+0xc587a]
V  [jvm.dll+0xc5a78]
V  [jvm.dll+0x10f94a]
V  [jvm.dll+0x12d22f]
V  [jvm.dll+0x1bf3df]
V  [jvm.dll+0x24cc27]
V  [jvm.dll+0x24bec6]
V  [jvm.dll+0x24c361]
V  [jvm.dll+0x24c57e]
V  [jvm.dll+0x29e64a]
C  [msvcr100.dll+0x21d9f]
C  [msvcr100.dll+0x21e3b]
C  [KERNEL32.DLL+0x13034]
C  [ntdll.dll+0x71461]

VM_Operation (0x000000001ab2f3c0): GetOrSetLocal, mode: safepoint, requested by thread 0x000000001a279800


---------------  P R O C E S S  ---------------

Java Threads: ( => current thread )
  0x000000001a3aa000 JavaThread "Service Thread" daemon [_thread_blocked, id=8804, stack(0x000000001b130000,0x000000001b230000)]
  0x000000001a3a5000 JavaThread "C1 CompilerThread3" daemon [_thread_blocked, id=10188, stack(0x000000001b030000,0x000000001b130000)]
  0x000000001a3a2000 JavaThread "C2 CompilerThread2" daemon [_thread_blocked, id=2824, stack(0x000000001af30000,0x000000001b030000)]
  0x000000001a3a1800 JavaThread "C2 CompilerThread1" daemon [_thread_blocked, id=236, stack(0x000000001ae30000,0x000000001af30000)]
  0x000000001a349000 JavaThread "C2 CompilerThread0" daemon [_thread_blocked, id=10144, stack(0x000000001ad30000,0x000000001ae30000)]
  0x000000001a285000 JavaThread "JDWP Command Reader" daemon [_thread_in_native, id=11104, stack(0x000000001ac30000,0x000000001ad30000)]
  0x000000001a284000 JavaThread "JDWP Event Helper Thread" daemon [_thread_blocked, id=5284, stack(0x000000001ab30000,0x000000001ac30000)]
  0x000000001a279800 JavaThread "JDWP Transport Listener: dt_socket" daemon [_thread_blocked, id=1436, stack(0x000000001aa30000,0x000000001ab30000)]
  0x000000001a26b000 JavaThread "Attach Listener" daemon [_thread_blocked, id=11040, stack(0x000000001a930000,0x000000001aa30000)]
  0x000000001a26a000 JavaThread "Signal Dispatcher" daemon [_thread_blocked, id=14972, stack(0x000000001a830000,0x000000001a930000)]
  0x000000001a260800 JavaThread "Finalizer" daemon [_thread_blocked, id=11144, stack(0x000000001a640000,0x000000001a740000)]
  0x00000000033aa000 JavaThread "Reference Handler" daemon [_thread_blocked, id=8296, stack(0x000000001a140000,0x000000001a240000)]
  0x00000000032b3800 JavaThread "main" [_thread_blocked, id=9540, stack(0x0000000002ff0000,0x00000000030f0000)]

Other Threads:
=>0x0000000018339800 VMThread [stack: 0x000000001a040000,0x000000001a140000] [id=11136]
  0x000000001a406800 WatcherThread [stack: 0x000000001b230000,0x000000001b330000] [id=9872]

VM state:at safepoint (normal execution)

VM Mutex/Monitor currently owned by a thread:  ([mutex/lock_event])
[0x00000000032b0350] Threads_lock - owner thread: 0x0000000018339800

Heap:
 PSYoungGen      total 38400K, used 2671K [0x00000000d5e00000, 0x00000000d8880000, 0x0000000100000000)
  eden space 33280K, 8% used [0x00000000d5e00000,0x00000000d609bdc8,0x00000000d7e80000)
  from space 5120K, 0% used [0x00000000d8380000,0x00000000d8380000,0x00000000d8880000)
  to   space 5120K, 0% used [0x00000000d7e80000,0x00000000d7e80000,0x00000000d8380000)
 ParOldGen       total 87552K, used 0K [0x0000000081a00000, 0x0000000086f80000, 0x00000000d5e00000)
  object space 87552K, 0% used [0x0000000081a00000,0x0000000081a00000,0x0000000086f80000)
 Metaspace       used 3168K, capacity 4600K, committed 4864K, reserved 1056768K
  class space    used 343K, capacity 424K, committed 512K, reserved 1048576K

Card table byte_map: [0x0000000012770000,0x0000000012b70000] byte_map_base: 0x0000000012363000

Marking Bits: (ParMarkBitMap*) 0x000000006b7e2d00
 Begin Bits: [0x0000000013620000, 0x00000000155b8000)
 End Bits:   [0x00000000155b8000, 0x0000000017550000)

Polling page: 0x0000000000df0000

CodeCache: size=245760Kb used=1105Kb max_used=1117Kb free=244654Kb
 bounds [0x00000000033b0000, 0x0000000003620000, 0x00000000123b0000]
 total_blobs=260 nmethods=23 adapters=158
 compilation: enabled

Compilation events (10 events):
Event: 0.562 Thread 0x000000001a3a5000 nmethod 21 0x00000000034c1610 code [0x00000000034c1760, 0x00000000034c1950]
Event: 0.562 Thread 0x000000001a3a5000   19  s    3       java.lang.StringBuffer::append (13 bytes)
Event: 0.563 Thread 0x000000001a3a1800   22       4       java.lang.AbstractStringBuilder::append (29 bytes)
Event: 0.563 Thread 0x000000001a3a5000 nmethod 19 0x00000000034c19d0 code [0x00000000034c1b80, 0x00000000034c22b8]
Event: 0.563 Thread 0x000000001a3a5000   12       3       java.util.concurrent.ConcurrentHashMap::setTabAt (19 bytes)
Event: 0.563 Thread 0x000000001a3a5000 nmethod 12 0x00000000034c26d0 code [0x00000000034c2820, 0x00000000034c2990]
Event: 0.563 Thread 0x000000001a3a5000   23       3       java.util.HashMap::getNode (148 bytes)
Event: 0.564 Thread 0x000000001a3a5000 nmethod 23 0x00000000034c2a10 code [0x00000000034c2be0, 0x00000000034c35a8]
Event: 0.565 Thread 0x000000001a3a2000 nmethod 20 0x00000000034c6750 code [0x00000000034c68a0, 0x00000000034c6b48]
Event: 0.567 Thread 0x000000001a3a1800 nmethod 22 0x00000000034c4a50 code [0x00000000034c4ba0, 0x00000000034c4fc8]

GC Heap History (0 events):
No events

Deoptimization events (0 events):
No events

Classes redefined (3 events):
Event: 100.455 Thread 0x0000000018339800 redefined class name=backtracking, count=1
Event: 132.602 Thread 0x0000000018339800 redefined class name=backtracking, count=2
Event: 153.628 Thread 0x0000000018339800 redefined class name=backtracking, count=3

Internal exceptions (2 events):
Event: 0.130 Thread 0x00000000032b3800 Exception <a 'java/lang/NoSuchMethodError': Method sun.misc.Unsafe.defineClass(Ljava/lang/String;[BII)Ljava/lang/Class; name or signature does not match> (0x00000000d5e07cb0) thrown at [C:\re\workspace\8-2-build-windows-amd64-cygwin\jdk8u181\11358\hotspot
Event: 0.130 Thread 0x00000000032b3800 Exception <a 'java/lang/NoSuchMethodError': Method sun.misc.Unsafe.prefetchRead(Ljava/lang/Object;J)V name or signature does not match> (0x00000000d5e07f98) thrown at [C:\re\workspace\8-2-build-windows-amd64-cygwin\jdk8u181\11358\hotspot\src\share\vm\prim

Events (10 events):
Event: 132.694 Executing VM operation: GetOrSetLocal done
Event: 132.694 Executing VM operation: GetOrSetLocal
Event: 132.694 Executing VM operation: GetOrSetLocal done
Event: 132.694 Executing VM operation: GetOrSetLocal
Event: 132.694 Executing VM operation: GetOrSetLocal done
Event: 141.367 Executing VM operation: ChangeBreakpoints
Event: 141.367 Executing VM operation: ChangeBreakpoints done
Event: 153.627 Executing VM operation: RedefineClasses
Event: 153.628 Executing VM operation: RedefineClasses done
Event: 153.756 Executing VM operation: GetOrSetLocal


Dynamic libraries:
0x00007ff666fd0000 - 0x00007ff667007000 	C:\Program Files\Java\jdk1.8.0_181\bin\java.exe
0x00007ffed3c40000 - 0x00007ffed3e21000 	C:\WINDOWS\SYSTEM32\ntdll.dll
0x00007ffed1680000 - 0x00007ffed1732000 	C:\WINDOWS\System32\KERNEL32.DLL
0x00007ffed02b0000 - 0x00007ffed0523000 	C:\WINDOWS\System32\KERNELBASE.dll
0x00007ffed37b0000 - 0x00007ffed3851000 	C:\WINDOWS\System32\ADVAPI32.dll
0x00007ffed39f0000 - 0x00007ffed3a8e000 	C:\WINDOWS\System32\msvcrt.dll
0x00007ffed1750000 - 0x00007ffed17ab000 	C:\WINDOWS\System32\sechost.dll
0x00007ffed10d0000 - 0x00007ffed11f4000 	C:\WINDOWS\System32\RPCRT4.dll
0x00007ffed3620000 - 0x00007ffed37b0000 	C:\WINDOWS\System32\USER32.dll
0x00007ffed1050000 - 0x00007ffed1070000 	C:\WINDOWS\System32\win32u.dll
0x00007ffed2050000 - 0x00007ffed2078000 	C:\WINDOWS\System32\GDI32.dll
0x00007ffed0e30000 - 0x00007ffed0fc2000 	C:\WINDOWS\System32\gdi32full.dll
0x00007ffed0110000 - 0x00007ffed01af000 	C:\WINDOWS\System32\msvcp_win.dll
0x00007ffed01b0000 - 0x00007ffed02aa000 	C:\WINDOWS\System32\ucrtbase.dll
0x00007ffec4240000 - 0x00007ffec44a9000 	C:\WINDOWS\WinSxS\amd64_microsoft.windows.common-controls_6595b64144ccf1df_6.0.17134.345_none_fb429a5930656358\COMCTL32.dll
0x00007ffed1d20000 - 0x00007ffed2043000 	C:\WINDOWS\System32\combase.dll
0x00007ffed0fd0000 - 0x00007ffed104a000 	C:\WINDOWS\System32\bcryptPrimitives.dll
0x00007ffed3be0000 - 0x00007ffed3c0d000 	C:\WINDOWS\System32\IMM32.DLL
0x000000006b870000 - 0x000000006b942000 	C:\Program Files\Java\jdk1.8.0_181\jre\bin\msvcr100.dll
0x000000006afc0000 - 0x000000006b862000 	C:\Program Files\Java\jdk1.8.0_181\jre\bin\server\jvm.dll
0x00007ffed3a90000 - 0x00007ffed3a98000 	C:\WINDOWS\System32\PSAPI.DLL
0x00007ffeb8ec0000 - 0x00007ffeb8ec9000 	C:\WINDOWS\SYSTEM32\WSOCK32.dll
0x00007ffecbdb0000 - 0x00007ffecbdd3000 	C:\WINDOWS\SYSTEM32\WINMM.dll
0x00007ffed3aa0000 - 0x00007ffed3b0c000 	C:\WINDOWS\System32\WS2_32.dll
0x00007ffec6cc0000 - 0x00007ffec6cca000 	C:\WINDOWS\SYSTEM32\VERSION.dll
0x00007ffecbd80000 - 0x00007ffecbdaa000 	C:\WINDOWS\SYSTEM32\WINMMBASE.dll
0x00007ffed00c0000 - 0x00007ffed0109000 	C:\WINDOWS\System32\cfgmgr32.dll
0x000000006e2c0000 - 0x000000006e2cf000 	C:\Program Files\Java\jdk1.8.0_181\jre\bin\verify.dll
0x000000006e290000 - 0x000000006e2b9000 	C:\Program Files\Java\jdk1.8.0_181\jre\bin\java.dll
0x000000006af80000 - 0x000000006afb5000 	C:\Program Files\Java\jdk1.8.0_181\jre\bin\jdwp.dll
0x000000006e280000 - 0x000000006e288000 	C:\Program Files\Java\jdk1.8.0_181\jre\bin\npt.dll
0x000000006d100000 - 0x000000006d123000 	C:\Program Files\Java\jdk1.8.0_181\jre\bin\instrument.dll
0x000000006d130000 - 0x000000006d146000 	C:\Program Files\Java\jdk1.8.0_181\jre\bin\zip.dll
0x00007ffed21e0000 - 0x00007ffed361f000 	C:\WINDOWS\System32\SHELL32.dll
0x00007ffed38e0000 - 0x00007ffed3989000 	C:\WINDOWS\System32\shcore.dll
0x00007ffed0530000 - 0x00007ffed0c3d000 	C:\WINDOWS\System32\windows.storage.dll
0x00007ffed1c00000 - 0x00007ffed1c51000 	C:\WINDOWS\System32\shlwapi.dll
0x00007ffecffa0000 - 0x00007ffecffb1000 	C:\WINDOWS\System32\kernel.appcore.dll
0x00007ffecff60000 - 0x00007ffecff7f000 	C:\WINDOWS\System32\profapi.dll
0x00007ffecffc0000 - 0x00007ffed000c000 	C:\WINDOWS\System32\powrprof.dll
0x00007ffecff50000 - 0x00007ffecff5a000 	C:\WINDOWS\System32\FLTLIB.DLL
0x000000006d0c0000 - 0x000000006d0c9000 	C:\Program Files\Java\jdk1.8.0_181\jre\bin\dt_socket.dll
0x00007ffecf7d0000 - 0x00007ffecf836000 	C:\WINDOWS\system32\mswsock.dll
0x00007ffebe050000 - 0x00007ffebe219000 	C:\WINDOWS\SYSTEM32\dbghelp.dll

VM Arguments:
jvm_args: -agentlib:jdwp=transport=dt_socket,address=127.0.0.1:50379,suspend=y,server=n -javaagent:C:\Users\shizi\.IdeaIC2018.2\system\captureAgent\debugger-agent.jar=file:/C:/Users/shizi/AppData/Local/Temp/capture.props -Dfile.encoding=UTF-8 
java_command: backtracking
java_class_path (initial): C:\Program Files\Java\jdk1.8.0_181\jre\lib\charsets.jar;C:\Program Files\Java\jdk1.8.0_181\jre\lib\deploy.jar;C:\Program Files\Java\jdk1.8.0_181\jre\lib\ext\access-bridge-64.jar;C:\Program Files\Java\jdk1.8.0_181\jre\lib\ext\cldrdata.jar;C:\Program Files\Java\jdk1.8.0_181\jre\lib\ext\dnsns.jar;C:\Program Files\Java\jdk1.8.0_181\jre\lib\ext\jaccess.jar;C:\Program Files\Java\jdk1.8.0_181\jre\lib\ext\jfxrt.jar;C:\Program Files\Java\jdk1.8.0_181\jre\lib\ext\localedata.jar;C:\Program Files\Java\jdk1.8.0_181\jre\lib\ext\nashorn.jar;C:\Program Files\Java\jdk1.8.0_181\jre\lib\ext\sunec.jar;C:\Program Files\Java\jdk1.8.0_181\jre\lib\ext\sunjce_provider.jar;C:\Program Files\Java\jdk1.8.0_181\jre\lib\ext\sunmscapi.jar;C:\Program Files\Java\jdk1.8.0_181\jre\lib\ext\sunpkcs11.jar;C:\Program Files\Java\jdk1.8.0_181\jre\lib\ext\zipfs.jar;C:\Program Files\Java\jdk1.8.0_181\jre\lib\javaws.jar;C:\Program Files\Java\jdk1.8.0_181\jre\lib\jce.jar;C:\Program Files\Java\jdk1.8.0_181\jre\lib\jfr.jar;C:\Program Files\Java\jdk1.8.0_181\jre\lib\jfxswt.jar;C:\Program Files\Java\jdk1.8.0_181\jre\lib\jsse.jar;C:\Program Files\Java\jdk1.8.0_181\jre\lib\management-agent.jar;C:\Program Files\Java\jdk1.8.0_181\jre\lib\plugin.jar;C:\Program Files\Java\jdk1.8.0_181\jre\lib\resources.jar;C:\Program Files\Java\jdk1.8.0_181\jre\lib\rt.jar;C:\JavaApps\Backtracking\out\production\Backtracking;C:\Program Files\JetBrains\IntelliJ IDEA Community Edition 2018.2.1\lib\idea_rt.jar;C:\Users\shizi\.IdeaIC2018.2\system\captureAgent\debugger-agent.jar
Launcher Type: SUN_STANDARD

Environment Variables:
PATH=C:\ProgramData\Anaconda3;C:\ProgramData\Anaconda3\Library\mingw-w64\bin;C:\ProgramData\Anaconda3\Library\usr\bin;C:\ProgramData\Anaconda3\Library\bin;C:\ProgramData\Anaconda3\Scripts;C:\Program Files (x86)\Intel\iCLS Client\;C:\Program Files\Intel\iCLS Client\;C:\Windows\system32;C:\Windows;C:\Windows\System32\Wbem;C:\Windows\System32\WindowsPowerShell\v1.0\;C:\Program Files (x86)\Intel\Intel(R) Management Engine Components\DAL;C:\Program Files\Intel\Intel(R) Management Engine Components\DAL;C:\Program Files (x86)\Intel\Intel(R) Management Engine Components\IPT;C:\Program Files\Intel\Intel(R) Management Engine Components\IPT;C:\Program Files (x86)\NVIDIA Corporation\PhysX\Common;C:\WINDOWS\system32;C:\WINDOWS;C:\WINDOWS\System32\Wbem;C:\WINDOWS\System32\WindowsPowerShell\v1.0\;C:\Program Files\Intel\WiFi\bin\;C:\Program Files\Common Files\Intel\WirelessCommon\;C:\WINDOWS\System32\OpenSSH\;C:\Program Files\Microsoft VS Code\bin;C:\Program Files\nodejs\;C:\Program Files\Java\jdk1.8.0_181\bin;C:\MinGW\bin;C:\Program Files\Git\cmd;C:\Python36\Scripts\;C:\Python36\;C:\Users\shizi\AppData\Local\Microsoft\WindowsApps;C:\Users\shizi;C:\phantomjs-2.1.1-windows\phantomjs-2.1.1-windows\bin;C:\Users\shizi\AppData\Local\GitHubDesktop\bin;C:\Users\shizi\AppData\Local\Microsoft\WindowsApps;C:\Users\shizi\AppData\Roaming\npm;C:\Program Files\Java\jdk1.8.0_181\bin;C:\Users\shizi\AppData\Local\Programs\Microsoft VS Code Insiders\bin;;C:\Fiddler
USERNAME=shizi
OS=Windows_NT
PROCESSOR_IDENTIFIER=Intel64 Family 6 Model 60 Stepping 3, GenuineIntel



---------------  S Y S T E M  ---------------

OS: Windows 10.0 , 64 bit Build 17134 (10.0.17134.1)

CPU:total 8 (initial active 8) (4 cores per cpu, 2 threads per core) family 6 model 60 stepping 3, cmov, cx8, fxsr, mmx, sse, sse2, sse3, ssse3, sse4.1, sse4.2, popcnt, avx, avx2, aes, clmul, erms, lzcnt, ht, tsc, tscinvbit, bmi1, bmi2

Memory: 4k page, physical 8279268k(4163488k free), swap 13784292k(7806644k free)

vm_info: Java HotSpot(TM) 64-Bit Server VM (25.181-b13) for windows-amd64 JRE (1.8.0_181-b13), built on Jul  7 2018 04:01:33 by "java_re" with MS VC++ 10.0 (VS2010)

time: Mon Oct 29 23:14:26 2018
elapsed time: 153 seconds (0d 0h 2m 33s)

